<?xml version="1.0" encoding="UTF-8"?>
<!-- Generated by org.testng.reporters.JUnitXMLReporter -->
<testsuite ignored="0" hostname="DESKTOP-BPBTH50" failures="0" tests="6" name="Chrome Tests" time="51.511" errors="0" timestamp="2025-09-03T12:15:44 EEST">
  <testcase classname="favbet.testCases.LoginTest" name="loginTest" time="6.489"/>
  <testcase classname="favbet.testCases.LoginTest" name="loginTest" time="6.113"/>
  <testcase classname="favbet.testCases.LoginTest" name="loginTest" time="4.346"/>
  <testcase classname="favbet.testCases.betInsufficientFundsTest" name="betInsufficientFunds" time="7.75"/>
  <testcase classname="favbet.testCases.PossibleWinningsTest" name="pissibleWinningsAmount" time="8.271"/>
  <testcase classname="favbet.testCases.ResultsSearchTest" name="SearchResults" time="4.347"/>
</testsuite> <!-- Chrome Tests -->
