<?xml version="1.0" encoding="UTF-8"?>
<!-- Generated by org.testng.reporters.JUnitXMLReporter -->
<testsuite ignored="0" hostname="DESKTOP-BPBTH50" failures="0" tests="6" name="Chrome_Tests" time="50.289" errors="0" timestamp="2025-09-03T12:30:31 EEST">
  <testcase classname="favbet.testCases.LoginTest" name="loginTest" time="6.382"/>
  <testcase classname="favbet.testCases.LoginTest" name="loginTest" time="6.152"/>
  <testcase classname="favbet.testCases.LoginTest" name="loginTest" time="2.713"/>
  <testcase classname="favbet.testCases.betInsufficientFundsTest" name="betInsufficientFunds" time="10.678"/>
  <testcase classname="favbet.testCases.PossibleWinningsTest" name="pissibleWinningsAmount" time="6.586"/>
  <testcase classname="favbet.testCases.ResultsSearchTest" name="SearchResults" time="3.961"/>
</testsuite> <!-- Chrome_Tests -->
