<?xml version="1.0" encoding="UTF-8"?>
<!-- Generated by org.testng.reporters.JUnitXMLReporter -->
<testsuite ignored="0" hostname="DESKTOP-BPBTH50" failures="0" tests="6" name="Test" time="50.353" errors="0" timestamp="2025-09-02T08:42:25 EEST">
  <testcase classname="favbet.testCases.LoginTest" name="loginTest" time="5.988"/>
  <testcase classname="favbet.testCases.LoginTest" name="loginTest" time="5.873"/>
  <testcase classname="favbet.testCases.LoginTest" name="loginTest" time="3.476"/>
  <testcase classname="favbet.testCases.betInsufficientFundsTest" name="betInsufficientFunds" time="8.485"/>
  <testcase classname="favbet.testCases.PossibleWinningsTest" name="pissibleWinningsAmount" time="9.168"/>
  <testcase classname="favbet.testCases.ResultsSearchTest" name="SearchResults" time="3.997"/>
</testsuite> <!-- Test -->
