<?xml version="1.0" encoding="UTF-8"?>
<testng-results ignored="0" total="1" passed="1" failed="0" skipped="0">
  <reporter-output>
  </reporter-output>
  <suite started-at="2025-08-28T17:43:31 EEST" name="Suite" finished-at="2025-08-28T17:43:35 EEST" duration-ms="3397">
    <groups>
      <group name="Regression">
        <method signature="LoginTest.loginTest(java.lang.String,java.lang.String,java.lang.String)[pri:0, instance:favbet.testCases.LoginTest@386f0da3]" name="loginTest" class="favbet.testCases.LoginTest"/>
      </group> <!-- Regression -->
    </groups>
    <test started-at="2025-08-28T17:43:31 EEST" name="Test" finished-at="2025-08-28T17:43:35 EEST" duration-ms="3397">
      <class name="favbet.testCases.LoginTest">
        <test-method is-config="true" signature="setUp(java.lang.String,java.lang.String)[pri:0, instance:favbet.testCases.LoginTest@386f0da3]" started-at="2025-08-28T17:43:32 EEST" name="setUp" finished-at="2025-08-28T17:43:34 EEST" duration-ms="2250" status="PASS">
          <params>
            <param index="0">
              <value>
                <![CDATA[chrome]]>
              </value>
            </param>
            <param index="1">
              <value>
                <![CDATA[windows]]>
              </value>
            </param>
          </params>
          <reporter-output>
          </reporter-output>
        </test-method> <!-- setUp -->
        <test-method signature="loginTest(java.lang.String,java.lang.String,java.lang.String)[pri:0, instance:favbet.testCases.LoginTest@386f0da3]" started-at="2025-08-28T17:43:34 EEST" name="loginTest" data-provider="LoginData" finished-at="2025-08-28T17:43:35 EEST" duration-ms="542" status="PASS">
          <params>
            <param index="0">
              <value>
                <![CDATA[ManUtd]]>
              </value>
            </param>
            <param index="1">
              <value>
                <![CDATA[Manutd123]]>
              </value>
            </param>
            <param index="2">
              <value>
                <![CDATA[Invalid]]>
              </value>
            </param>
          </params>
          <reporter-output>
          </reporter-output>
        </test-method> <!-- loginTest -->
      </class> <!-- favbet.testCases.LoginTest -->
    </test> <!-- Test -->
  </suite> <!-- Suite -->
</testng-results>
